2022-12-22 15:48:55,805 ERROR: Exception on / [GET] [in /home/salmon/git/PostIn/env/lib/python3.10/site-packages/flask/app.py:1741]
Traceback (most recent call last):
  File "/home/salmon/git/PostIn/env/lib/python3.10/site-packages/flask/app.py", line 2525, in wsgi_app
    response = self.full_dispatch_request()
  File "/home/salmon/git/PostIn/env/lib/python3.10/site-packages/flask/app.py", line 1822, in full_dispatch_request
    rv = self.handle_user_exception(e)
  File "/home/salmon/git/PostIn/env/lib/python3.10/site-packages/flask/app.py", line 1820, in full_dispatch_request
    rv = self.dispatch_request()
  File "/home/salmon/git/PostIn/env/lib/python3.10/site-packages/flask/app.py", line 1796, in dispatch_request
    return self.ensure_sync(self.view_functions[rule.endpoint])(**view_args)
  File "/home/salmon/git/PostIn/env/lib/python3.10/site-packages/flask_login/utils.py", line 290, in decorated_view
    return current_app.ensure_sync(func)(*args, **kwargs)
  File "/home/salmon/git/PostIt/app/routes.py", line 41, in index
    return render_template('index.html', title=_('Home'), form=form,
  File "/home/salmon/git/PostIn/env/lib/python3.10/site-packages/flask/templating.py", line 146, in render_template
    template = app.jinja_env.get_or_select_template(template_name_or_list)
  File "/home/salmon/git/PostIn/env/lib/python3.10/site-packages/jinja2/environment.py", line 1081, in get_or_select_template
    return self.get_template(template_name_or_list, parent, globals)
  File "/home/salmon/git/PostIn/env/lib/python3.10/site-packages/jinja2/environment.py", line 1010, in get_template
    return self._load_template(name, globals)
  File "/home/salmon/git/PostIn/env/lib/python3.10/site-packages/jinja2/environment.py", line 969, in _load_template
    template = self.loader.load(self, name, self.make_globals(globals))
  File "/home/salmon/git/PostIn/env/lib/python3.10/site-packages/jinja2/loaders.py", line 138, in load
    code = environment.compile(source, name, filename)
  File "/home/salmon/git/PostIn/env/lib/python3.10/site-packages/jinja2/environment.py", line 768, in compile
    self.handle_exception(source=source_hint)
  File "/home/salmon/git/PostIn/env/lib/python3.10/site-packages/jinja2/environment.py", line 936, in handle_exception
    raise rewrite_traceback_stack(source=source)
  File "/home/salmon/git/PostIt/app/templates/index.html", line 5, in template
    <h1>{{ _('Hello, %(username)s!') ,username=current_user.username }}</h1>
jinja2.exceptions.TemplateSyntaxError: expected token 'end of print statement', got '='
2022-12-22 15:50:56,723 INFO: PostIt startup [in /home/salmon/git/PostIt/app/__init__.py:55]
